   0  $accept : input $end

   1  input :
   2        | input line
   3        | error NL

   4  line : NL
   5       | exp NL
   6       | cmd NL

   7  ParamFormais : ListaParams
   8               |

   9  ListaParams : ListaParams ',' IDENT
  10              | IDENT

  11  cmd : IDENT '=' exp ';'
  12      | IDENT PLUS_EQ exp ';'
  13      | IDENT TIMES_EQ exp ';'
  14      | IF '(' exp ')' cmd
  15      | IF '(' exp ')' cmd ELSE cmd
  16      | WHILE '(' exp ')' cmd
  17      | FOR '(' Exp ';' Exp ';' Exp ')' cmd

  18  $$1 :

  19  cmd : DEFINE IDENT '(' $$1 ParamFormais ')' '{' lcmd '}'
  20      | RETURN exp ';'
  21      | '{' lcmd '}'
  22      | exp

  23  Exp : exp
  24      | IDENT '=' exp
  25      |

  26  lcmd : lcmd cmd
  27       |

  28  exp : NUM
  29      | IDENT
  30      | exp '+' exp
  31      | exp '-' exp
  32      | exp '*' exp
  33      | exp '/' exp
  34      | exp '<' exp
  35      | exp '>' exp
  36      | exp GE exp
  37      | exp LE exp
  38      | exp EQUALS exp
  39      | exp DIFF exp
  40      | exp AND exp
  41      | exp OR exp
  42      | '!' exp
  43      | '-' exp
  44      | exp '^' exp
  45      | IDENT PLUS_PLUS
  46      | IDENT MINUS_MINUS
  47      | PLUS_PLUS IDENT
  48      | MINUS_MINUS IDENT

  49  $$2 :

  50  exp : IDENT '(' $$2 ParamsReais ')'
  51      | '(' exp ')'

  52  ParamsReais : ListaExpr
  53              |

  54  ListaExpr : ListaExpr ',' exp
  55            | exp

state 0
	$accept : . input $end  (0)
	input : .  (1)

	error  shift 1
	$end  reduce 1
	NL  reduce 1
	NUM  reduce 1
	PLUS_PLUS  reduce 1
	MINUS_MINUS  reduce 1
	DEFINE  reduce 1
	FOR  reduce 1
	IF  reduce 1
	WHILE  reduce 1
	RETURN  reduce 1
	IDENT  reduce 1
	'!'  reduce 1
	'-'  reduce 1
	'('  reduce 1
	'{'  reduce 1

	input  goto 2


state 1
	input : error . NL  (3)

	NL  shift 3
	.  error


state 2
	$accept : input . $end  (0)
	input : input . line  (2)

	$end  accept
	NL  shift 4
	NUM  shift 5
	PLUS_PLUS  shift 6
	MINUS_MINUS  shift 7
	DEFINE  shift 8
	FOR  shift 9
	IF  shift 10
	WHILE  shift 11
	RETURN  shift 12
	IDENT  shift 13
	'!'  shift 14
	'-'  shift 15
	'('  shift 16
	'{'  shift 17
	.  error

	exp  goto 18
	cmd  goto 19
	line  goto 20


state 3
	input : error NL .  (3)

	.  reduce 3


state 4
	line : NL .  (4)

	.  reduce 4


state 5
	exp : NUM .  (28)

	.  reduce 28


state 6
	exp : PLUS_PLUS . IDENT  (47)

	IDENT  shift 21
	.  error


state 7
	exp : MINUS_MINUS . IDENT  (48)

	IDENT  shift 22
	.  error


state 8
	cmd : DEFINE . IDENT '(' $$1 ParamFormais ')' '{' lcmd '}'  (19)

	IDENT  shift 23
	.  error


state 9
	cmd : FOR . '(' Exp ';' Exp ';' Exp ')' cmd  (17)

	'('  shift 24
	.  error


state 10
	cmd : IF . '(' exp ')' cmd  (14)
	cmd : IF . '(' exp ')' cmd ELSE cmd  (15)

	'('  shift 25
	.  error


state 11
	cmd : WHILE . '(' exp ')' cmd  (16)

	'('  shift 26
	.  error


state 12
	cmd : RETURN . exp ';'  (20)

	NUM  shift 5
	PLUS_PLUS  shift 6
	MINUS_MINUS  shift 7
	IDENT  shift 27
	'!'  shift 14
	'-'  shift 15
	'('  shift 16
	.  error

	exp  goto 28


13: shift/reduce conflict (shift 31, reduce 29) on PLUS_PLUS
13: shift/reduce conflict (shift 32, reduce 29) on MINUS_MINUS
13: shift/reduce conflict (shift 34, reduce 29) on '('
state 13
	cmd : IDENT . '=' exp ';'  (11)
	cmd : IDENT . PLUS_EQ exp ';'  (12)
	cmd : IDENT . TIMES_EQ exp ';'  (13)
	exp : IDENT .  (29)
	exp : IDENT . PLUS_PLUS  (45)
	exp : IDENT . MINUS_MINUS  (46)
	exp : IDENT . '(' $$2 ParamsReais ')'  (50)

	PLUS_EQ  shift 29
	TIMES_EQ  shift 30
	PLUS_PLUS  shift 31
	MINUS_MINUS  shift 32
	'='  shift 33
	'('  shift 34
	NL  reduce 29
	NUM  reduce 29
	EQUALS  reduce 29
	DIFF  reduce 29
	GE  reduce 29
	LE  reduce 29
	AND  reduce 29
	OR  reduce 29
	DEFINE  reduce 29
	FOR  reduce 29
	IF  reduce 29
	ELSE  reduce 29
	WHILE  reduce 29
	RETURN  reduce 29
	IDENT  reduce 29
	'!'  reduce 29
	'<'  reduce 29
	'>'  reduce 29
	'-'  reduce 29
	'+'  reduce 29
	'*'  reduce 29
	'/'  reduce 29
	'^'  reduce 29
	'{'  reduce 29
	'}'  reduce 29


state 14
	exp : '!' . exp  (42)

	NUM  shift 5
	PLUS_PLUS  shift 6
	MINUS_MINUS  shift 7
	IDENT  shift 27
	'!'  shift 14
	'-'  shift 15
	'('  shift 16
	.  error

	exp  goto 35


state 15
	exp : '-' . exp  (43)

	NUM  shift 5
	PLUS_PLUS  shift 6
	MINUS_MINUS  shift 7
	IDENT  shift 27
	'!'  shift 14
	'-'  shift 15
	'('  shift 16
	.  error

	exp  goto 36


state 16
	exp : '(' . exp ')'  (51)

	NUM  shift 5
	PLUS_PLUS  shift 6
	MINUS_MINUS  shift 7
	IDENT  shift 27
	'!'  shift 14
	'-'  shift 15
	'('  shift 16
	.  error

	exp  goto 37


state 17
	cmd : '{' . lcmd '}'  (21)
	lcmd : .  (27)

	.  reduce 27

	lcmd  goto 38


18: shift/reduce conflict (shift 39, reduce 22) on NL
state 18
	line : exp . NL  (5)
	cmd : exp .  (22)
	exp : exp . '+' exp  (30)
	exp : exp . '-' exp  (31)
	exp : exp . '*' exp  (32)
	exp : exp . '/' exp  (33)
	exp : exp . '<' exp  (34)
	exp : exp . '>' exp  (35)
	exp : exp . GE exp  (36)
	exp : exp . LE exp  (37)
	exp : exp . EQUALS exp  (38)
	exp : exp . DIFF exp  (39)
	exp : exp . AND exp  (40)
	exp : exp . OR exp  (41)
	exp : exp . '^' exp  (44)

	NL  shift 39
	EQUALS  shift 40
	DIFF  shift 41
	GE  shift 42
	LE  shift 43
	AND  shift 44
	OR  shift 45
	'<'  shift 46
	'>'  shift 47
	'-'  shift 48
	'+'  shift 49
	'*'  shift 50
	'/'  shift 51
	'^'  shift 52


state 19
	line : cmd . NL  (6)

	NL  shift 53
	.  error


state 20
	input : input line .  (2)

	.  reduce 2


state 21
	exp : PLUS_PLUS IDENT .  (47)

	.  reduce 47


state 22
	exp : MINUS_MINUS IDENT .  (48)

	.  reduce 48


state 23
	cmd : DEFINE IDENT . '(' $$1 ParamFormais ')' '{' lcmd '}'  (19)

	'('  shift 54
	.  error


state 24
	cmd : FOR '(' . Exp ';' Exp ';' Exp ')' cmd  (17)
	Exp : .  (25)

	NUM  shift 5
	PLUS_PLUS  shift 6
	MINUS_MINUS  shift 7
	IDENT  shift 55
	'!'  shift 14
	'-'  shift 15
	'('  shift 16
	';'  reduce 25

	exp  goto 56
	Exp  goto 57


state 25
	cmd : IF '(' . exp ')' cmd  (14)
	cmd : IF '(' . exp ')' cmd ELSE cmd  (15)

	NUM  shift 5
	PLUS_PLUS  shift 6
	MINUS_MINUS  shift 7
	IDENT  shift 27
	'!'  shift 14
	'-'  shift 15
	'('  shift 16
	.  error

	exp  goto 58


state 26
	cmd : WHILE '(' . exp ')' cmd  (16)

	NUM  shift 5
	PLUS_PLUS  shift 6
	MINUS_MINUS  shift 7
	IDENT  shift 27
	'!'  shift 14
	'-'  shift 15
	'('  shift 16
	.  error

	exp  goto 59


27: shift/reduce conflict (shift 31, reduce 29) on PLUS_PLUS
27: shift/reduce conflict (shift 32, reduce 29) on MINUS_MINUS
27: shift/reduce conflict (shift 34, reduce 29) on '('
state 27
	exp : IDENT .  (29)
	exp : IDENT . PLUS_PLUS  (45)
	exp : IDENT . MINUS_MINUS  (46)
	exp : IDENT . '(' $$2 ParamsReais ')'  (50)

	PLUS_PLUS  shift 31
	MINUS_MINUS  shift 32
	'('  shift 34
	NL  reduce 29
	NUM  reduce 29
	EQUALS  reduce 29
	DIFF  reduce 29
	GE  reduce 29
	LE  reduce 29
	AND  reduce 29
	OR  reduce 29
	DEFINE  reduce 29
	FOR  reduce 29
	IF  reduce 29
	ELSE  reduce 29
	WHILE  reduce 29
	RETURN  reduce 29
	IDENT  reduce 29
	'!'  reduce 29
	'<'  reduce 29
	'>'  reduce 29
	'-'  reduce 29
	'+'  reduce 29
	'*'  reduce 29
	'/'  reduce 29
	'^'  reduce 29
	','  reduce 29
	';'  reduce 29
	')'  reduce 29
	'{'  reduce 29
	'}'  reduce 29


state 28
	cmd : RETURN exp . ';'  (20)
	exp : exp . '+' exp  (30)
	exp : exp . '-' exp  (31)
	exp : exp . '*' exp  (32)
	exp : exp . '/' exp  (33)
	exp : exp . '<' exp  (34)
	exp : exp . '>' exp  (35)
	exp : exp . GE exp  (36)
	exp : exp . LE exp  (37)
	exp : exp . EQUALS exp  (38)
	exp : exp . DIFF exp  (39)
	exp : exp . AND exp  (40)
	exp : exp . OR exp  (41)
	exp : exp . '^' exp  (44)

	EQUALS  shift 40
	DIFF  shift 41
	GE  shift 42
	LE  shift 43
	AND  shift 44
	OR  shift 45
	'<'  shift 46
	'>'  shift 47
	'-'  shift 48
	'+'  shift 49
	'*'  shift 50
	'/'  shift 51
	'^'  shift 52
	';'  shift 60
	.  error


state 29
	cmd : IDENT PLUS_EQ . exp ';'  (12)

	NUM  shift 5
	PLUS_PLUS  shift 6
	MINUS_MINUS  shift 7
	IDENT  shift 27
	'!'  shift 14
	'-'  shift 15
	'('  shift 16
	.  error

	exp  goto 61


state 30
	cmd : IDENT TIMES_EQ . exp ';'  (13)

	NUM  shift 5
	PLUS_PLUS  shift 6
	MINUS_MINUS  shift 7
	IDENT  shift 27
	'!'  shift 14
	'-'  shift 15
	'('  shift 16
	.  error

	exp  goto 62


state 31
	exp : IDENT PLUS_PLUS .  (45)

	.  reduce 45


state 32
	exp : IDENT MINUS_MINUS .  (46)

	.  reduce 46


state 33
	cmd : IDENT '=' . exp ';'  (11)

	NUM  shift 5
	PLUS_PLUS  shift 6
	MINUS_MINUS  shift 7
	IDENT  shift 27
	'!'  shift 14
	'-'  shift 15
	'('  shift 16
	.  error

	exp  goto 63


state 34
	exp : IDENT '(' . $$2 ParamsReais ')'  (50)
	$$2 : .  (49)

	.  reduce 49

	$$2  goto 64


35: shift/reduce conflict (shift 40, reduce 42) on EQUALS
35: shift/reduce conflict (shift 41, reduce 42) on DIFF
state 35
	exp : exp . '+' exp  (30)
	exp : exp . '-' exp  (31)
	exp : exp . '*' exp  (32)
	exp : exp . '/' exp  (33)
	exp : exp . '<' exp  (34)
	exp : exp . '>' exp  (35)
	exp : exp . GE exp  (36)
	exp : exp . LE exp  (37)
	exp : exp . EQUALS exp  (38)
	exp : exp . DIFF exp  (39)
	exp : exp . AND exp  (40)
	exp : exp . OR exp  (41)
	exp : '!' exp .  (42)
	exp : exp . '^' exp  (44)

	EQUALS  shift 40
	DIFF  shift 41
	GE  shift 42
	LE  shift 43
	'<'  shift 46
	'>'  shift 47
	'-'  shift 48
	'+'  shift 49
	'*'  shift 50
	'/'  shift 51
	'^'  shift 52
	NL  reduce 42
	NUM  reduce 42
	AND  reduce 42
	OR  reduce 42
	PLUS_PLUS  reduce 42
	MINUS_MINUS  reduce 42
	DEFINE  reduce 42
	FOR  reduce 42
	IF  reduce 42
	ELSE  reduce 42
	WHILE  reduce 42
	RETURN  reduce 42
	IDENT  reduce 42
	'!'  reduce 42
	','  reduce 42
	';'  reduce 42
	'('  reduce 42
	')'  reduce 42
	'{'  reduce 42
	'}'  reduce 42


36: shift/reduce conflict (shift 40, reduce 43) on EQUALS
36: shift/reduce conflict (shift 41, reduce 43) on DIFF
state 36
	exp : exp . '+' exp  (30)
	exp : exp . '-' exp  (31)
	exp : exp . '*' exp  (32)
	exp : exp . '/' exp  (33)
	exp : exp . '<' exp  (34)
	exp : exp . '>' exp  (35)
	exp : exp . GE exp  (36)
	exp : exp . LE exp  (37)
	exp : exp . EQUALS exp  (38)
	exp : exp . DIFF exp  (39)
	exp : exp . AND exp  (40)
	exp : exp . OR exp  (41)
	exp : '-' exp .  (43)
	exp : exp . '^' exp  (44)

	EQUALS  shift 40
	DIFF  shift 41
	NL  reduce 43
	NUM  reduce 43
	GE  reduce 43
	LE  reduce 43
	AND  reduce 43
	OR  reduce 43
	PLUS_PLUS  reduce 43
	MINUS_MINUS  reduce 43
	DEFINE  reduce 43
	FOR  reduce 43
	IF  reduce 43
	ELSE  reduce 43
	WHILE  reduce 43
	RETURN  reduce 43
	IDENT  reduce 43
	'!'  reduce 43
	'<'  reduce 43
	'>'  reduce 43
	'-'  reduce 43
	'+'  reduce 43
	'*'  reduce 43
	'/'  reduce 43
	'^'  reduce 43
	','  reduce 43
	';'  reduce 43
	'('  reduce 43
	')'  reduce 43
	'{'  reduce 43
	'}'  reduce 43


state 37
	exp : exp . '+' exp  (30)
	exp : exp . '-' exp  (31)
	exp : exp . '*' exp  (32)
	exp : exp . '/' exp  (33)
	exp : exp . '<' exp  (34)
	exp : exp . '>' exp  (35)
	exp : exp . GE exp  (36)
	exp : exp . LE exp  (37)
	exp : exp . EQUALS exp  (38)
	exp : exp . DIFF exp  (39)
	exp : exp . AND exp  (40)
	exp : exp . OR exp  (41)
	exp : exp . '^' exp  (44)
	exp : '(' exp . ')'  (51)

	EQUALS  shift 40
	DIFF  shift 41
	GE  shift 42
	LE  shift 43
	AND  shift 44
	OR  shift 45
	'<'  shift 46
	'>'  shift 47
	'-'  shift 48
	'+'  shift 49
	'*'  shift 50
	'/'  shift 51
	'^'  shift 52
	')'  shift 65
	.  error


state 38
	cmd : '{' lcmd . '}'  (21)
	lcmd : lcmd . cmd  (26)

	NUM  shift 5
	PLUS_PLUS  shift 6
	MINUS_MINUS  shift 7
	DEFINE  shift 8
	FOR  shift 9
	IF  shift 10
	WHILE  shift 11
	RETURN  shift 12
	IDENT  shift 13
	'!'  shift 14
	'-'  shift 15
	'('  shift 16
	'{'  shift 17
	'}'  shift 66
	.  error

	exp  goto 67
	cmd  goto 68


state 39
	line : exp NL .  (5)

	.  reduce 5


state 40
	exp : exp EQUALS . exp  (38)

	NUM  shift 5
	PLUS_PLUS  shift 6
	MINUS_MINUS  shift 7
	IDENT  shift 27
	'!'  shift 14
	'-'  shift 15
	'('  shift 16
	.  error

	exp  goto 69


state 41
	exp : exp DIFF . exp  (39)

	NUM  shift 5
	PLUS_PLUS  shift 6
	MINUS_MINUS  shift 7
	IDENT  shift 27
	'!'  shift 14
	'-'  shift 15
	'('  shift 16
	.  error

	exp  goto 70


state 42
	exp : exp GE . exp  (36)

	NUM  shift 5
	PLUS_PLUS  shift 6
	MINUS_MINUS  shift 7
	IDENT  shift 27
	'!'  shift 14
	'-'  shift 15
	'('  shift 16
	.  error

	exp  goto 71


state 43
	exp : exp LE . exp  (37)

	NUM  shift 5
	PLUS_PLUS  shift 6
	MINUS_MINUS  shift 7
	IDENT  shift 27
	'!'  shift 14
	'-'  shift 15
	'('  shift 16
	.  error

	exp  goto 72


state 44
	exp : exp AND . exp  (40)

	NUM  shift 5
	PLUS_PLUS  shift 6
	MINUS_MINUS  shift 7
	IDENT  shift 27
	'!'  shift 14
	'-'  shift 15
	'('  shift 16
	.  error

	exp  goto 73


state 45
	exp : exp OR . exp  (41)

	NUM  shift 5
	PLUS_PLUS  shift 6
	MINUS_MINUS  shift 7
	IDENT  shift 27
	'!'  shift 14
	'-'  shift 15
	'('  shift 16
	.  error

	exp  goto 74


state 46
	exp : exp '<' . exp  (34)

	NUM  shift 5
	PLUS_PLUS  shift 6
	MINUS_MINUS  shift 7
	IDENT  shift 27
	'!'  shift 14
	'-'  shift 15
	'('  shift 16
	.  error

	exp  goto 75


state 47
	exp : exp '>' . exp  (35)

	NUM  shift 5
	PLUS_PLUS  shift 6
	MINUS_MINUS  shift 7
	IDENT  shift 27
	'!'  shift 14
	'-'  shift 15
	'('  shift 16
	.  error

	exp  goto 76


state 48
	exp : exp '-' . exp  (31)

	NUM  shift 5
	PLUS_PLUS  shift 6
	MINUS_MINUS  shift 7
	IDENT  shift 27
	'!'  shift 14
	'-'  shift 15
	'('  shift 16
	.  error

	exp  goto 77


state 49
	exp : exp '+' . exp  (30)

	NUM  shift 5
	PLUS_PLUS  shift 6
	MINUS_MINUS  shift 7
	IDENT  shift 27
	'!'  shift 14
	'-'  shift 15
	'('  shift 16
	.  error

	exp  goto 78


state 50
	exp : exp '*' . exp  (32)

	NUM  shift 5
	PLUS_PLUS  shift 6
	MINUS_MINUS  shift 7
	IDENT  shift 27
	'!'  shift 14
	'-'  shift 15
	'('  shift 16
	.  error

	exp  goto 79


state 51
	exp : exp '/' . exp  (33)

	NUM  shift 5
	PLUS_PLUS  shift 6
	MINUS_MINUS  shift 7
	IDENT  shift 27
	'!'  shift 14
	'-'  shift 15
	'('  shift 16
	.  error

	exp  goto 80


state 52
	exp : exp '^' . exp  (44)

	NUM  shift 5
	PLUS_PLUS  shift 6
	MINUS_MINUS  shift 7
	IDENT  shift 27
	'!'  shift 14
	'-'  shift 15
	'('  shift 16
	.  error

	exp  goto 81


state 53
	line : cmd NL .  (6)

	.  reduce 6


state 54
	cmd : DEFINE IDENT '(' . $$1 ParamFormais ')' '{' lcmd '}'  (19)
	$$1 : .  (18)

	.  reduce 18

	$$1  goto 82


state 55
	Exp : IDENT . '=' exp  (24)
	exp : IDENT .  (29)
	exp : IDENT . PLUS_PLUS  (45)
	exp : IDENT . MINUS_MINUS  (46)
	exp : IDENT . '(' $$2 ParamsReais ')'  (50)

	PLUS_PLUS  shift 31
	MINUS_MINUS  shift 32
	'='  shift 83
	'('  shift 34
	EQUALS  reduce 29
	DIFF  reduce 29
	GE  reduce 29
	LE  reduce 29
	AND  reduce 29
	OR  reduce 29
	'<'  reduce 29
	'>'  reduce 29
	'-'  reduce 29
	'+'  reduce 29
	'*'  reduce 29
	'/'  reduce 29
	'^'  reduce 29
	';'  reduce 29
	')'  reduce 29


state 56
	Exp : exp .  (23)
	exp : exp . '+' exp  (30)
	exp : exp . '-' exp  (31)
	exp : exp . '*' exp  (32)
	exp : exp . '/' exp  (33)
	exp : exp . '<' exp  (34)
	exp : exp . '>' exp  (35)
	exp : exp . GE exp  (36)
	exp : exp . LE exp  (37)
	exp : exp . EQUALS exp  (38)
	exp : exp . DIFF exp  (39)
	exp : exp . AND exp  (40)
	exp : exp . OR exp  (41)
	exp : exp . '^' exp  (44)

	EQUALS  shift 40
	DIFF  shift 41
	GE  shift 42
	LE  shift 43
	AND  shift 44
	OR  shift 45
	'<'  shift 46
	'>'  shift 47
	'-'  shift 48
	'+'  shift 49
	'*'  shift 50
	'/'  shift 51
	'^'  shift 52
	';'  reduce 23
	')'  reduce 23


state 57
	cmd : FOR '(' Exp . ';' Exp ';' Exp ')' cmd  (17)

	';'  shift 84
	.  error


state 58
	cmd : IF '(' exp . ')' cmd  (14)
	cmd : IF '(' exp . ')' cmd ELSE cmd  (15)
	exp : exp . '+' exp  (30)
	exp : exp . '-' exp  (31)
	exp : exp . '*' exp  (32)
	exp : exp . '/' exp  (33)
	exp : exp . '<' exp  (34)
	exp : exp . '>' exp  (35)
	exp : exp . GE exp  (36)
	exp : exp . LE exp  (37)
	exp : exp . EQUALS exp  (38)
	exp : exp . DIFF exp  (39)
	exp : exp . AND exp  (40)
	exp : exp . OR exp  (41)
	exp : exp . '^' exp  (44)

	EQUALS  shift 40
	DIFF  shift 41
	GE  shift 42
	LE  shift 43
	AND  shift 44
	OR  shift 45
	'<'  shift 46
	'>'  shift 47
	'-'  shift 48
	'+'  shift 49
	'*'  shift 50
	'/'  shift 51
	'^'  shift 52
	')'  shift 85
	.  error


state 59
	cmd : WHILE '(' exp . ')' cmd  (16)
	exp : exp . '+' exp  (30)
	exp : exp . '-' exp  (31)
	exp : exp . '*' exp  (32)
	exp : exp . '/' exp  (33)
	exp : exp . '<' exp  (34)
	exp : exp . '>' exp  (35)
	exp : exp . GE exp  (36)
	exp : exp . LE exp  (37)
	exp : exp . EQUALS exp  (38)
	exp : exp . DIFF exp  (39)
	exp : exp . AND exp  (40)
	exp : exp . OR exp  (41)
	exp : exp . '^' exp  (44)

	EQUALS  shift 40
	DIFF  shift 41
	GE  shift 42
	LE  shift 43
	AND  shift 44
	OR  shift 45
	'<'  shift 46
	'>'  shift 47
	'-'  shift 48
	'+'  shift 49
	'*'  shift 50
	'/'  shift 51
	'^'  shift 52
	')'  shift 86
	.  error


state 60
	cmd : RETURN exp ';' .  (20)

	.  reduce 20


state 61
	cmd : IDENT PLUS_EQ exp . ';'  (12)
	exp : exp . '+' exp  (30)
	exp : exp . '-' exp  (31)
	exp : exp . '*' exp  (32)
	exp : exp . '/' exp  (33)
	exp : exp . '<' exp  (34)
	exp : exp . '>' exp  (35)
	exp : exp . GE exp  (36)
	exp : exp . LE exp  (37)
	exp : exp . EQUALS exp  (38)
	exp : exp . DIFF exp  (39)
	exp : exp . AND exp  (40)
	exp : exp . OR exp  (41)
	exp : exp . '^' exp  (44)

	EQUALS  shift 40
	DIFF  shift 41
	GE  shift 42
	LE  shift 43
	AND  shift 44
	OR  shift 45
	'<'  shift 46
	'>'  shift 47
	'-'  shift 48
	'+'  shift 49
	'*'  shift 50
	'/'  shift 51
	'^'  shift 52
	';'  shift 87
	.  error


state 62
	cmd : IDENT TIMES_EQ exp . ';'  (13)
	exp : exp . '+' exp  (30)
	exp : exp . '-' exp  (31)
	exp : exp . '*' exp  (32)
	exp : exp . '/' exp  (33)
	exp : exp . '<' exp  (34)
	exp : exp . '>' exp  (35)
	exp : exp . GE exp  (36)
	exp : exp . LE exp  (37)
	exp : exp . EQUALS exp  (38)
	exp : exp . DIFF exp  (39)
	exp : exp . AND exp  (40)
	exp : exp . OR exp  (41)
	exp : exp . '^' exp  (44)

	EQUALS  shift 40
	DIFF  shift 41
	GE  shift 42
	LE  shift 43
	AND  shift 44
	OR  shift 45
	'<'  shift 46
	'>'  shift 47
	'-'  shift 48
	'+'  shift 49
	'*'  shift 50
	'/'  shift 51
	'^'  shift 52
	';'  shift 88
	.  error


state 63
	cmd : IDENT '=' exp . ';'  (11)
	exp : exp . '+' exp  (30)
	exp : exp . '-' exp  (31)
	exp : exp . '*' exp  (32)
	exp : exp . '/' exp  (33)
	exp : exp . '<' exp  (34)
	exp : exp . '>' exp  (35)
	exp : exp . GE exp  (36)
	exp : exp . LE exp  (37)
	exp : exp . EQUALS exp  (38)
	exp : exp . DIFF exp  (39)
	exp : exp . AND exp  (40)
	exp : exp . OR exp  (41)
	exp : exp . '^' exp  (44)

	EQUALS  shift 40
	DIFF  shift 41
	GE  shift 42
	LE  shift 43
	AND  shift 44
	OR  shift 45
	'<'  shift 46
	'>'  shift 47
	'-'  shift 48
	'+'  shift 49
	'*'  shift 50
	'/'  shift 51
	'^'  shift 52
	';'  shift 89
	.  error


state 64
	exp : IDENT '(' $$2 . ParamsReais ')'  (50)
	ParamsReais : .  (53)

	NUM  shift 5
	PLUS_PLUS  shift 6
	MINUS_MINUS  shift 7
	IDENT  shift 27
	'!'  shift 14
	'-'  shift 15
	'('  shift 16
	')'  reduce 53

	exp  goto 90
	ParamsReais  goto 91
	ListaExpr  goto 92


state 65
	exp : '(' exp ')' .  (51)

	.  reduce 51


state 66
	cmd : '{' lcmd '}' .  (21)

	.  reduce 21


67: shift/reduce conflict (shift 48, reduce 22) on '-'
state 67
	cmd : exp .  (22)
	exp : exp . '+' exp  (30)
	exp : exp . '-' exp  (31)
	exp : exp . '*' exp  (32)
	exp : exp . '/' exp  (33)
	exp : exp . '<' exp  (34)
	exp : exp . '>' exp  (35)
	exp : exp . GE exp  (36)
	exp : exp . LE exp  (37)
	exp : exp . EQUALS exp  (38)
	exp : exp . DIFF exp  (39)
	exp : exp . AND exp  (40)
	exp : exp . OR exp  (41)
	exp : exp . '^' exp  (44)

	EQUALS  shift 40
	DIFF  shift 41
	GE  shift 42
	LE  shift 43
	AND  shift 44
	OR  shift 45
	'<'  shift 46
	'>'  shift 47
	'-'  shift 48
	'+'  shift 49
	'*'  shift 50
	'/'  shift 51
	'^'  shift 52
	NL  reduce 22
	NUM  reduce 22
	PLUS_PLUS  reduce 22
	MINUS_MINUS  reduce 22
	DEFINE  reduce 22
	FOR  reduce 22
	IF  reduce 22
	ELSE  reduce 22
	WHILE  reduce 22
	RETURN  reduce 22
	IDENT  reduce 22
	'!'  reduce 22
	'('  reduce 22
	'{'  reduce 22
	'}'  reduce 22


state 68
	lcmd : lcmd cmd .  (26)

	.  reduce 26


69: shift/reduce conflict (shift 40, reduce 38) on EQUALS
69: shift/reduce conflict (shift 41, reduce 38) on DIFF
69: shift/reduce conflict (shift 42, reduce 38) on GE
69: shift/reduce conflict (shift 43, reduce 38) on LE
69: shift/reduce conflict (shift 44, reduce 38) on AND
69: shift/reduce conflict (shift 45, reduce 38) on OR
69: shift/reduce conflict (shift 46, reduce 38) on '<'
69: shift/reduce conflict (shift 47, reduce 38) on '>'
69: shift/reduce conflict (shift 48, reduce 38) on '-'
69: shift/reduce conflict (shift 49, reduce 38) on '+'
69: shift/reduce conflict (shift 50, reduce 38) on '*'
69: shift/reduce conflict (shift 51, reduce 38) on '/'
69: shift/reduce conflict (shift 52, reduce 38) on '^'
state 69
	exp : exp . '+' exp  (30)
	exp : exp . '-' exp  (31)
	exp : exp . '*' exp  (32)
	exp : exp . '/' exp  (33)
	exp : exp . '<' exp  (34)
	exp : exp . '>' exp  (35)
	exp : exp . GE exp  (36)
	exp : exp . LE exp  (37)
	exp : exp . EQUALS exp  (38)
	exp : exp EQUALS exp .  (38)
	exp : exp . DIFF exp  (39)
	exp : exp . AND exp  (40)
	exp : exp . OR exp  (41)
	exp : exp . '^' exp  (44)

	EQUALS  shift 40
	DIFF  shift 41
	GE  shift 42
	LE  shift 43
	AND  shift 44
	OR  shift 45
	'<'  shift 46
	'>'  shift 47
	'-'  shift 48
	'+'  shift 49
	'*'  shift 50
	'/'  shift 51
	'^'  shift 52
	NL  reduce 38
	NUM  reduce 38
	PLUS_PLUS  reduce 38
	MINUS_MINUS  reduce 38
	DEFINE  reduce 38
	FOR  reduce 38
	IF  reduce 38
	ELSE  reduce 38
	WHILE  reduce 38
	RETURN  reduce 38
	IDENT  reduce 38
	'!'  reduce 38
	','  reduce 38
	';'  reduce 38
	'('  reduce 38
	')'  reduce 38
	'{'  reduce 38
	'}'  reduce 38


70: shift/reduce conflict (shift 40, reduce 39) on EQUALS
70: shift/reduce conflict (shift 41, reduce 39) on DIFF
70: shift/reduce conflict (shift 42, reduce 39) on GE
70: shift/reduce conflict (shift 43, reduce 39) on LE
70: shift/reduce conflict (shift 44, reduce 39) on AND
70: shift/reduce conflict (shift 45, reduce 39) on OR
70: shift/reduce conflict (shift 46, reduce 39) on '<'
70: shift/reduce conflict (shift 47, reduce 39) on '>'
70: shift/reduce conflict (shift 48, reduce 39) on '-'
70: shift/reduce conflict (shift 49, reduce 39) on '+'
70: shift/reduce conflict (shift 50, reduce 39) on '*'
70: shift/reduce conflict (shift 51, reduce 39) on '/'
70: shift/reduce conflict (shift 52, reduce 39) on '^'
state 70
	exp : exp . '+' exp  (30)
	exp : exp . '-' exp  (31)
	exp : exp . '*' exp  (32)
	exp : exp . '/' exp  (33)
	exp : exp . '<' exp  (34)
	exp : exp . '>' exp  (35)
	exp : exp . GE exp  (36)
	exp : exp . LE exp  (37)
	exp : exp . EQUALS exp  (38)
	exp : exp . DIFF exp  (39)
	exp : exp DIFF exp .  (39)
	exp : exp . AND exp  (40)
	exp : exp . OR exp  (41)
	exp : exp . '^' exp  (44)

	EQUALS  shift 40
	DIFF  shift 41
	GE  shift 42
	LE  shift 43
	AND  shift 44
	OR  shift 45
	'<'  shift 46
	'>'  shift 47
	'-'  shift 48
	'+'  shift 49
	'*'  shift 50
	'/'  shift 51
	'^'  shift 52
	NL  reduce 39
	NUM  reduce 39
	PLUS_PLUS  reduce 39
	MINUS_MINUS  reduce 39
	DEFINE  reduce 39
	FOR  reduce 39
	IF  reduce 39
	ELSE  reduce 39
	WHILE  reduce 39
	RETURN  reduce 39
	IDENT  reduce 39
	'!'  reduce 39
	','  reduce 39
	';'  reduce 39
	'('  reduce 39
	')'  reduce 39
	'{'  reduce 39
	'}'  reduce 39


71: shift/reduce conflict (shift 40, reduce 36) on EQUALS
71: shift/reduce conflict (shift 41, reduce 36) on DIFF
state 71
	exp : exp . '+' exp  (30)
	exp : exp . '-' exp  (31)
	exp : exp . '*' exp  (32)
	exp : exp . '/' exp  (33)
	exp : exp . '<' exp  (34)
	exp : exp . '>' exp  (35)
	exp : exp . GE exp  (36)
	exp : exp GE exp .  (36)
	exp : exp . LE exp  (37)
	exp : exp . EQUALS exp  (38)
	exp : exp . DIFF exp  (39)
	exp : exp . AND exp  (40)
	exp : exp . OR exp  (41)
	exp : exp . '^' exp  (44)

	EQUALS  shift 40
	DIFF  shift 41
	'-'  shift 48
	'+'  shift 49
	'*'  shift 50
	'/'  shift 51
	'^'  shift 52
	NL  reduce 36
	NUM  reduce 36
	GE  reduce 36
	LE  reduce 36
	AND  reduce 36
	OR  reduce 36
	PLUS_PLUS  reduce 36
	MINUS_MINUS  reduce 36
	DEFINE  reduce 36
	FOR  reduce 36
	IF  reduce 36
	ELSE  reduce 36
	WHILE  reduce 36
	RETURN  reduce 36
	IDENT  reduce 36
	'!'  reduce 36
	'<'  reduce 36
	'>'  reduce 36
	','  reduce 36
	';'  reduce 36
	'('  reduce 36
	')'  reduce 36
	'{'  reduce 36
	'}'  reduce 36


72: shift/reduce conflict (shift 40, reduce 37) on EQUALS
72: shift/reduce conflict (shift 41, reduce 37) on DIFF
state 72
	exp : exp . '+' exp  (30)
	exp : exp . '-' exp  (31)
	exp : exp . '*' exp  (32)
	exp : exp . '/' exp  (33)
	exp : exp . '<' exp  (34)
	exp : exp . '>' exp  (35)
	exp : exp . GE exp  (36)
	exp : exp . LE exp  (37)
	exp : exp LE exp .  (37)
	exp : exp . EQUALS exp  (38)
	exp : exp . DIFF exp  (39)
	exp : exp . AND exp  (40)
	exp : exp . OR exp  (41)
	exp : exp . '^' exp  (44)

	EQUALS  shift 40
	DIFF  shift 41
	'-'  shift 48
	'+'  shift 49
	'*'  shift 50
	'/'  shift 51
	'^'  shift 52
	NL  reduce 37
	NUM  reduce 37
	GE  reduce 37
	LE  reduce 37
	AND  reduce 37
	OR  reduce 37
	PLUS_PLUS  reduce 37
	MINUS_MINUS  reduce 37
	DEFINE  reduce 37
	FOR  reduce 37
	IF  reduce 37
	ELSE  reduce 37
	WHILE  reduce 37
	RETURN  reduce 37
	IDENT  reduce 37
	'!'  reduce 37
	'<'  reduce 37
	'>'  reduce 37
	','  reduce 37
	';'  reduce 37
	'('  reduce 37
	')'  reduce 37
	'{'  reduce 37
	'}'  reduce 37


73: shift/reduce conflict (shift 40, reduce 40) on EQUALS
73: shift/reduce conflict (shift 41, reduce 40) on DIFF
state 73
	exp : exp . '+' exp  (30)
	exp : exp . '-' exp  (31)
	exp : exp . '*' exp  (32)
	exp : exp . '/' exp  (33)
	exp : exp . '<' exp  (34)
	exp : exp . '>' exp  (35)
	exp : exp . GE exp  (36)
	exp : exp . LE exp  (37)
	exp : exp . EQUALS exp  (38)
	exp : exp . DIFF exp  (39)
	exp : exp . AND exp  (40)
	exp : exp AND exp .  (40)
	exp : exp . OR exp  (41)
	exp : exp . '^' exp  (44)

	EQUALS  shift 40
	DIFF  shift 41
	GE  shift 42
	LE  shift 43
	'<'  shift 46
	'>'  shift 47
	'-'  shift 48
	'+'  shift 49
	'*'  shift 50
	'/'  shift 51
	'^'  shift 52
	NL  reduce 40
	NUM  reduce 40
	AND  reduce 40
	OR  reduce 40
	PLUS_PLUS  reduce 40
	MINUS_MINUS  reduce 40
	DEFINE  reduce 40
	FOR  reduce 40
	IF  reduce 40
	ELSE  reduce 40
	WHILE  reduce 40
	RETURN  reduce 40
	IDENT  reduce 40
	'!'  reduce 40
	','  reduce 40
	';'  reduce 40
	'('  reduce 40
	')'  reduce 40
	'{'  reduce 40
	'}'  reduce 40


74: shift/reduce conflict (shift 40, reduce 41) on EQUALS
74: shift/reduce conflict (shift 41, reduce 41) on DIFF
state 74
	exp : exp . '+' exp  (30)
	exp : exp . '-' exp  (31)
	exp : exp . '*' exp  (32)
	exp : exp . '/' exp  (33)
	exp : exp . '<' exp  (34)
	exp : exp . '>' exp  (35)
	exp : exp . GE exp  (36)
	exp : exp . LE exp  (37)
	exp : exp . EQUALS exp  (38)
	exp : exp . DIFF exp  (39)
	exp : exp . AND exp  (40)
	exp : exp . OR exp  (41)
	exp : exp OR exp .  (41)
	exp : exp . '^' exp  (44)

	EQUALS  shift 40
	DIFF  shift 41
	GE  shift 42
	LE  shift 43
	AND  shift 44
	'<'  shift 46
	'>'  shift 47
	'-'  shift 48
	'+'  shift 49
	'*'  shift 50
	'/'  shift 51
	'^'  shift 52
	NL  reduce 41
	NUM  reduce 41
	OR  reduce 41
	PLUS_PLUS  reduce 41
	MINUS_MINUS  reduce 41
	DEFINE  reduce 41
	FOR  reduce 41
	IF  reduce 41
	ELSE  reduce 41
	WHILE  reduce 41
	RETURN  reduce 41
	IDENT  reduce 41
	'!'  reduce 41
	','  reduce 41
	';'  reduce 41
	'('  reduce 41
	')'  reduce 41
	'{'  reduce 41
	'}'  reduce 41


75: shift/reduce conflict (shift 40, reduce 34) on EQUALS
75: shift/reduce conflict (shift 41, reduce 34) on DIFF
state 75
	exp : exp . '+' exp  (30)
	exp : exp . '-' exp  (31)
	exp : exp . '*' exp  (32)
	exp : exp . '/' exp  (33)
	exp : exp . '<' exp  (34)
	exp : exp '<' exp .  (34)
	exp : exp . '>' exp  (35)
	exp : exp . GE exp  (36)
	exp : exp . LE exp  (37)
	exp : exp . EQUALS exp  (38)
	exp : exp . DIFF exp  (39)
	exp : exp . AND exp  (40)
	exp : exp . OR exp  (41)
	exp : exp . '^' exp  (44)

	EQUALS  shift 40
	DIFF  shift 41
	'-'  shift 48
	'+'  shift 49
	'*'  shift 50
	'/'  shift 51
	'^'  shift 52
	NL  reduce 34
	NUM  reduce 34
	GE  reduce 34
	LE  reduce 34
	AND  reduce 34
	OR  reduce 34
	PLUS_PLUS  reduce 34
	MINUS_MINUS  reduce 34
	DEFINE  reduce 34
	FOR  reduce 34
	IF  reduce 34
	ELSE  reduce 34
	WHILE  reduce 34
	RETURN  reduce 34
	IDENT  reduce 34
	'!'  reduce 34
	'<'  reduce 34
	'>'  reduce 34
	','  reduce 34
	';'  reduce 34
	'('  reduce 34
	')'  reduce 34
	'{'  reduce 34
	'}'  reduce 34


76: shift/reduce conflict (shift 40, reduce 35) on EQUALS
76: shift/reduce conflict (shift 41, reduce 35) on DIFF
state 76
	exp : exp . '+' exp  (30)
	exp : exp . '-' exp  (31)
	exp : exp . '*' exp  (32)
	exp : exp . '/' exp  (33)
	exp : exp . '<' exp  (34)
	exp : exp . '>' exp  (35)
	exp : exp '>' exp .  (35)
	exp : exp . GE exp  (36)
	exp : exp . LE exp  (37)
	exp : exp . EQUALS exp  (38)
	exp : exp . DIFF exp  (39)
	exp : exp . AND exp  (40)
	exp : exp . OR exp  (41)
	exp : exp . '^' exp  (44)

	EQUALS  shift 40
	DIFF  shift 41
	'-'  shift 48
	'+'  shift 49
	'*'  shift 50
	'/'  shift 51
	'^'  shift 52
	NL  reduce 35
	NUM  reduce 35
	GE  reduce 35
	LE  reduce 35
	AND  reduce 35
	OR  reduce 35
	PLUS_PLUS  reduce 35
	MINUS_MINUS  reduce 35
	DEFINE  reduce 35
	FOR  reduce 35
	IF  reduce 35
	ELSE  reduce 35
	WHILE  reduce 35
	RETURN  reduce 35
	IDENT  reduce 35
	'!'  reduce 35
	'<'  reduce 35
	'>'  reduce 35
	','  reduce 35
	';'  reduce 35
	'('  reduce 35
	')'  reduce 35
	'{'  reduce 35
	'}'  reduce 35


77: shift/reduce conflict (shift 40, reduce 31) on EQUALS
77: shift/reduce conflict (shift 41, reduce 31) on DIFF
state 77
	exp : exp . '+' exp  (30)
	exp : exp . '-' exp  (31)
	exp : exp '-' exp .  (31)
	exp : exp . '*' exp  (32)
	exp : exp . '/' exp  (33)
	exp : exp . '<' exp  (34)
	exp : exp . '>' exp  (35)
	exp : exp . GE exp  (36)
	exp : exp . LE exp  (37)
	exp : exp . EQUALS exp  (38)
	exp : exp . DIFF exp  (39)
	exp : exp . AND exp  (40)
	exp : exp . OR exp  (41)
	exp : exp . '^' exp  (44)

	EQUALS  shift 40
	DIFF  shift 41
	'*'  shift 50
	'/'  shift 51
	'^'  shift 52
	NL  reduce 31
	NUM  reduce 31
	GE  reduce 31
	LE  reduce 31
	AND  reduce 31
	OR  reduce 31
	PLUS_PLUS  reduce 31
	MINUS_MINUS  reduce 31
	DEFINE  reduce 31
	FOR  reduce 31
	IF  reduce 31
	ELSE  reduce 31
	WHILE  reduce 31
	RETURN  reduce 31
	IDENT  reduce 31
	'!'  reduce 31
	'<'  reduce 31
	'>'  reduce 31
	'-'  reduce 31
	'+'  reduce 31
	','  reduce 31
	';'  reduce 31
	'('  reduce 31
	')'  reduce 31
	'{'  reduce 31
	'}'  reduce 31


78: shift/reduce conflict (shift 40, reduce 30) on EQUALS
78: shift/reduce conflict (shift 41, reduce 30) on DIFF
state 78
	exp : exp . '+' exp  (30)
	exp : exp '+' exp .  (30)
	exp : exp . '-' exp  (31)
	exp : exp . '*' exp  (32)
	exp : exp . '/' exp  (33)
	exp : exp . '<' exp  (34)
	exp : exp . '>' exp  (35)
	exp : exp . GE exp  (36)
	exp : exp . LE exp  (37)
	exp : exp . EQUALS exp  (38)
	exp : exp . DIFF exp  (39)
	exp : exp . AND exp  (40)
	exp : exp . OR exp  (41)
	exp : exp . '^' exp  (44)

	EQUALS  shift 40
	DIFF  shift 41
	'*'  shift 50
	'/'  shift 51
	'^'  shift 52
	NL  reduce 30
	NUM  reduce 30
	GE  reduce 30
	LE  reduce 30
	AND  reduce 30
	OR  reduce 30
	PLUS_PLUS  reduce 30
	MINUS_MINUS  reduce 30
	DEFINE  reduce 30
	FOR  reduce 30
	IF  reduce 30
	ELSE  reduce 30
	WHILE  reduce 30
	RETURN  reduce 30
	IDENT  reduce 30
	'!'  reduce 30
	'<'  reduce 30
	'>'  reduce 30
	'-'  reduce 30
	'+'  reduce 30
	','  reduce 30
	';'  reduce 30
	'('  reduce 30
	')'  reduce 30
	'{'  reduce 30
	'}'  reduce 30


79: shift/reduce conflict (shift 40, reduce 32) on EQUALS
79: shift/reduce conflict (shift 41, reduce 32) on DIFF
state 79
	exp : exp . '+' exp  (30)
	exp : exp . '-' exp  (31)
	exp : exp . '*' exp  (32)
	exp : exp '*' exp .  (32)
	exp : exp . '/' exp  (33)
	exp : exp . '<' exp  (34)
	exp : exp . '>' exp  (35)
	exp : exp . GE exp  (36)
	exp : exp . LE exp  (37)
	exp : exp . EQUALS exp  (38)
	exp : exp . DIFF exp  (39)
	exp : exp . AND exp  (40)
	exp : exp . OR exp  (41)
	exp : exp . '^' exp  (44)

	EQUALS  shift 40
	DIFF  shift 41
	'^'  shift 52
	NL  reduce 32
	NUM  reduce 32
	GE  reduce 32
	LE  reduce 32
	AND  reduce 32
	OR  reduce 32
	PLUS_PLUS  reduce 32
	MINUS_MINUS  reduce 32
	DEFINE  reduce 32
	FOR  reduce 32
	IF  reduce 32
	ELSE  reduce 32
	WHILE  reduce 32
	RETURN  reduce 32
	IDENT  reduce 32
	'!'  reduce 32
	'<'  reduce 32
	'>'  reduce 32
	'-'  reduce 32
	'+'  reduce 32
	'*'  reduce 32
	'/'  reduce 32
	','  reduce 32
	';'  reduce 32
	'('  reduce 32
	')'  reduce 32
	'{'  reduce 32
	'}'  reduce 32


80: shift/reduce conflict (shift 40, reduce 33) on EQUALS
80: shift/reduce conflict (shift 41, reduce 33) on DIFF
state 80
	exp : exp . '+' exp  (30)
	exp : exp . '-' exp  (31)
	exp : exp . '*' exp  (32)
	exp : exp . '/' exp  (33)
	exp : exp '/' exp .  (33)
	exp : exp . '<' exp  (34)
	exp : exp . '>' exp  (35)
	exp : exp . GE exp  (36)
	exp : exp . LE exp  (37)
	exp : exp . EQUALS exp  (38)
	exp : exp . DIFF exp  (39)
	exp : exp . AND exp  (40)
	exp : exp . OR exp  (41)
	exp : exp . '^' exp  (44)

	EQUALS  shift 40
	DIFF  shift 41
	'^'  shift 52
	NL  reduce 33
	NUM  reduce 33
	GE  reduce 33
	LE  reduce 33
	AND  reduce 33
	OR  reduce 33
	PLUS_PLUS  reduce 33
	MINUS_MINUS  reduce 33
	DEFINE  reduce 33
	FOR  reduce 33
	IF  reduce 33
	ELSE  reduce 33
	WHILE  reduce 33
	RETURN  reduce 33
	IDENT  reduce 33
	'!'  reduce 33
	'<'  reduce 33
	'>'  reduce 33
	'-'  reduce 33
	'+'  reduce 33
	'*'  reduce 33
	'/'  reduce 33
	','  reduce 33
	';'  reduce 33
	'('  reduce 33
	')'  reduce 33
	'{'  reduce 33
	'}'  reduce 33


81: shift/reduce conflict (shift 40, reduce 44) on EQUALS
81: shift/reduce conflict (shift 41, reduce 44) on DIFF
state 81
	exp : exp . '+' exp  (30)
	exp : exp . '-' exp  (31)
	exp : exp . '*' exp  (32)
	exp : exp . '/' exp  (33)
	exp : exp . '<' exp  (34)
	exp : exp . '>' exp  (35)
	exp : exp . GE exp  (36)
	exp : exp . LE exp  (37)
	exp : exp . EQUALS exp  (38)
	exp : exp . DIFF exp  (39)
	exp : exp . AND exp  (40)
	exp : exp . OR exp  (41)
	exp : exp . '^' exp  (44)
	exp : exp '^' exp .  (44)

	EQUALS  shift 40
	DIFF  shift 41
	'^'  shift 52
	NL  reduce 44
	NUM  reduce 44
	GE  reduce 44
	LE  reduce 44
	AND  reduce 44
	OR  reduce 44
	PLUS_PLUS  reduce 44
	MINUS_MINUS  reduce 44
	DEFINE  reduce 44
	FOR  reduce 44
	IF  reduce 44
	ELSE  reduce 44
	WHILE  reduce 44
	RETURN  reduce 44
	IDENT  reduce 44
	'!'  reduce 44
	'<'  reduce 44
	'>'  reduce 44
	'-'  reduce 44
	'+'  reduce 44
	'*'  reduce 44
	'/'  reduce 44
	','  reduce 44
	';'  reduce 44
	'('  reduce 44
	')'  reduce 44
	'{'  reduce 44
	'}'  reduce 44


state 82
	cmd : DEFINE IDENT '(' $$1 . ParamFormais ')' '{' lcmd '}'  (19)
	ParamFormais : .  (8)

	IDENT  shift 93
	')'  reduce 8

	ParamFormais  goto 94
	ListaParams  goto 95


state 83
	Exp : IDENT '=' . exp  (24)

	NUM  shift 5
	PLUS_PLUS  shift 6
	MINUS_MINUS  shift 7
	IDENT  shift 27
	'!'  shift 14
	'-'  shift 15
	'('  shift 16
	.  error

	exp  goto 96


state 84
	cmd : FOR '(' Exp ';' . Exp ';' Exp ')' cmd  (17)
	Exp : .  (25)

	NUM  shift 5
	PLUS_PLUS  shift 6
	MINUS_MINUS  shift 7
	IDENT  shift 55
	'!'  shift 14
	'-'  shift 15
	'('  shift 16
	';'  reduce 25

	exp  goto 56
	Exp  goto 97


state 85
	cmd : IF '(' exp ')' . cmd  (14)
	cmd : IF '(' exp ')' . cmd ELSE cmd  (15)

	NUM  shift 5
	PLUS_PLUS  shift 6
	MINUS_MINUS  shift 7
	DEFINE  shift 8
	FOR  shift 9
	IF  shift 10
	WHILE  shift 11
	RETURN  shift 12
	IDENT  shift 13
	'!'  shift 14
	'-'  shift 15
	'('  shift 16
	'{'  shift 17
	.  error

	exp  goto 67
	cmd  goto 98


state 86
	cmd : WHILE '(' exp ')' . cmd  (16)

	NUM  shift 5
	PLUS_PLUS  shift 6
	MINUS_MINUS  shift 7
	DEFINE  shift 8
	FOR  shift 9
	IF  shift 10
	WHILE  shift 11
	RETURN  shift 12
	IDENT  shift 13
	'!'  shift 14
	'-'  shift 15
	'('  shift 16
	'{'  shift 17
	.  error

	exp  goto 67
	cmd  goto 99


state 87
	cmd : IDENT PLUS_EQ exp ';' .  (12)

	.  reduce 12


state 88
	cmd : IDENT TIMES_EQ exp ';' .  (13)

	.  reduce 13


state 89
	cmd : IDENT '=' exp ';' .  (11)

	.  reduce 11


state 90
	exp : exp . '+' exp  (30)
	exp : exp . '-' exp  (31)
	exp : exp . '*' exp  (32)
	exp : exp . '/' exp  (33)
	exp : exp . '<' exp  (34)
	exp : exp . '>' exp  (35)
	exp : exp . GE exp  (36)
	exp : exp . LE exp  (37)
	exp : exp . EQUALS exp  (38)
	exp : exp . DIFF exp  (39)
	exp : exp . AND exp  (40)
	exp : exp . OR exp  (41)
	exp : exp . '^' exp  (44)
	ListaExpr : exp .  (55)

	EQUALS  shift 40
	DIFF  shift 41
	GE  shift 42
	LE  shift 43
	AND  shift 44
	OR  shift 45
	'<'  shift 46
	'>'  shift 47
	'-'  shift 48
	'+'  shift 49
	'*'  shift 50
	'/'  shift 51
	'^'  shift 52
	','  reduce 55
	')'  reduce 55


state 91
	exp : IDENT '(' $$2 ParamsReais . ')'  (50)

	')'  shift 100
	.  error


state 92
	ParamsReais : ListaExpr .  (52)
	ListaExpr : ListaExpr . ',' exp  (54)

	','  shift 101
	')'  reduce 52


state 93
	ListaParams : IDENT .  (10)

	.  reduce 10


state 94
	cmd : DEFINE IDENT '(' $$1 ParamFormais . ')' '{' lcmd '}'  (19)

	')'  shift 102
	.  error


state 95
	ParamFormais : ListaParams .  (7)
	ListaParams : ListaParams . ',' IDENT  (9)

	','  shift 103
	')'  reduce 7


state 96
	Exp : IDENT '=' exp .  (24)
	exp : exp . '+' exp  (30)
	exp : exp . '-' exp  (31)
	exp : exp . '*' exp  (32)
	exp : exp . '/' exp  (33)
	exp : exp . '<' exp  (34)
	exp : exp . '>' exp  (35)
	exp : exp . GE exp  (36)
	exp : exp . LE exp  (37)
	exp : exp . EQUALS exp  (38)
	exp : exp . DIFF exp  (39)
	exp : exp . AND exp  (40)
	exp : exp . OR exp  (41)
	exp : exp . '^' exp  (44)

	EQUALS  shift 40
	DIFF  shift 41
	GE  shift 42
	LE  shift 43
	AND  shift 44
	OR  shift 45
	'<'  shift 46
	'>'  shift 47
	'-'  shift 48
	'+'  shift 49
	'*'  shift 50
	'/'  shift 51
	'^'  shift 52
	';'  reduce 24
	')'  reduce 24


state 97
	cmd : FOR '(' Exp ';' Exp . ';' Exp ')' cmd  (17)

	';'  shift 104
	.  error


98: shift/reduce conflict (shift 105, reduce 14) on ELSE
state 98
	cmd : IF '(' exp ')' cmd .  (14)
	cmd : IF '(' exp ')' cmd . ELSE cmd  (15)

	ELSE  shift 105
	NL  reduce 14
	NUM  reduce 14
	PLUS_PLUS  reduce 14
	MINUS_MINUS  reduce 14
	DEFINE  reduce 14
	FOR  reduce 14
	IF  reduce 14
	WHILE  reduce 14
	RETURN  reduce 14
	IDENT  reduce 14
	'!'  reduce 14
	'-'  reduce 14
	'('  reduce 14
	'{'  reduce 14
	'}'  reduce 14


state 99
	cmd : WHILE '(' exp ')' cmd .  (16)

	.  reduce 16


state 100
	exp : IDENT '(' $$2 ParamsReais ')' .  (50)

	.  reduce 50


state 101
	ListaExpr : ListaExpr ',' . exp  (54)

	NUM  shift 5
	PLUS_PLUS  shift 6
	MINUS_MINUS  shift 7
	IDENT  shift 27
	'!'  shift 14
	'-'  shift 15
	'('  shift 16
	.  error

	exp  goto 106


state 102
	cmd : DEFINE IDENT '(' $$1 ParamFormais ')' . '{' lcmd '}'  (19)

	'{'  shift 107
	.  error


state 103
	ListaParams : ListaParams ',' . IDENT  (9)

	IDENT  shift 108
	.  error


state 104
	cmd : FOR '(' Exp ';' Exp ';' . Exp ')' cmd  (17)
	Exp : .  (25)

	NUM  shift 5
	PLUS_PLUS  shift 6
	MINUS_MINUS  shift 7
	IDENT  shift 55
	'!'  shift 14
	'-'  shift 15
	'('  shift 16
	')'  reduce 25

	exp  goto 56
	Exp  goto 109


state 105
	cmd : IF '(' exp ')' cmd ELSE . cmd  (15)

	NUM  shift 5
	PLUS_PLUS  shift 6
	MINUS_MINUS  shift 7
	DEFINE  shift 8
	FOR  shift 9
	IF  shift 10
	WHILE  shift 11
	RETURN  shift 12
	IDENT  shift 13
	'!'  shift 14
	'-'  shift 15
	'('  shift 16
	'{'  shift 17
	.  error

	exp  goto 67
	cmd  goto 110


state 106
	exp : exp . '+' exp  (30)
	exp : exp . '-' exp  (31)
	exp : exp . '*' exp  (32)
	exp : exp . '/' exp  (33)
	exp : exp . '<' exp  (34)
	exp : exp . '>' exp  (35)
	exp : exp . GE exp  (36)
	exp : exp . LE exp  (37)
	exp : exp . EQUALS exp  (38)
	exp : exp . DIFF exp  (39)
	exp : exp . AND exp  (40)
	exp : exp . OR exp  (41)
	exp : exp . '^' exp  (44)
	ListaExpr : ListaExpr ',' exp .  (54)

	EQUALS  shift 40
	DIFF  shift 41
	GE  shift 42
	LE  shift 43
	AND  shift 44
	OR  shift 45
	'<'  shift 46
	'>'  shift 47
	'-'  shift 48
	'+'  shift 49
	'*'  shift 50
	'/'  shift 51
	'^'  shift 52
	','  reduce 54
	')'  reduce 54


state 107
	cmd : DEFINE IDENT '(' $$1 ParamFormais ')' '{' . lcmd '}'  (19)
	lcmd : .  (27)

	.  reduce 27

	lcmd  goto 111


state 108
	ListaParams : ListaParams ',' IDENT .  (9)

	.  reduce 9


state 109
	cmd : FOR '(' Exp ';' Exp ';' Exp . ')' cmd  (17)

	')'  shift 112
	.  error


state 110
	cmd : IF '(' exp ')' cmd ELSE cmd .  (15)

	.  reduce 15


state 111
	cmd : DEFINE IDENT '(' $$1 ParamFormais ')' '{' lcmd . '}'  (19)
	lcmd : lcmd . cmd  (26)

	NUM  shift 5
	PLUS_PLUS  shift 6
	MINUS_MINUS  shift 7
	DEFINE  shift 8
	FOR  shift 9
	IF  shift 10
	WHILE  shift 11
	RETURN  shift 12
	IDENT  shift 13
	'!'  shift 14
	'-'  shift 15
	'('  shift 16
	'{'  shift 17
	'}'  shift 113
	.  error

	exp  goto 67
	cmd  goto 68


state 112
	cmd : FOR '(' Exp ';' Exp ';' Exp ')' . cmd  (17)

	NUM  shift 5
	PLUS_PLUS  shift 6
	MINUS_MINUS  shift 7
	DEFINE  shift 8
	FOR  shift 9
	IF  shift 10
	WHILE  shift 11
	RETURN  shift 12
	IDENT  shift 13
	'!'  shift 14
	'-'  shift 15
	'('  shift 16
	'{'  shift 17
	.  error

	exp  goto 67
	cmd  goto 114


state 113
	cmd : DEFINE IDENT '(' $$1 ParamFormais ')' '{' lcmd '}' .  (19)

	.  reduce 19


state 114
	cmd : FOR '(' Exp ';' Exp ';' Exp ')' cmd .  (17)

	.  reduce 17


State 13 contains 3 shift/reduce conflicts.
State 18 contains 1 shift/reduce conflict.
State 27 contains 3 shift/reduce conflicts.
State 35 contains 2 shift/reduce conflicts.
State 36 contains 2 shift/reduce conflicts.
State 67 contains 1 shift/reduce conflict.
State 69 contains 13 shift/reduce conflicts.
State 70 contains 13 shift/reduce conflicts.
State 71 contains 2 shift/reduce conflicts.
State 72 contains 2 shift/reduce conflicts.
State 73 contains 2 shift/reduce conflicts.
State 74 contains 2 shift/reduce conflicts.
State 75 contains 2 shift/reduce conflicts.
State 76 contains 2 shift/reduce conflicts.
State 77 contains 2 shift/reduce conflicts.
State 78 contains 2 shift/reduce conflicts.
State 79 contains 2 shift/reduce conflicts.
State 80 contains 2 shift/reduce conflicts.
State 81 contains 2 shift/reduce conflicts.
State 98 contains 1 shift/reduce conflict.


41 terminals, 13 nonterminals
56 grammar rules, 115 states
